<?xml version="1.0" encoding="UTF-8"?>
<!-- Generated by org.testng.reporters.JUnitReportReporter -->
<testsuite skipped="0" hostname="Deepak-PC" name="org.Maven.com.MavenProject.AllAnnotatations" tests="2" failures="0" timestamp="07 Jun 2018 15:59:03 GMT" time="0.012" errors="0">
  <testcase name="j" time="0.003" classname="org.Maven.com.MavenProject.AllAnnotatations"/>
  <testcase name="f" time="0.009" classname="org.Maven.com.MavenProject.AllAnnotatations"/>
</testsuite> <!-- org.Maven.com.MavenProject.AllAnnotatations -->
