<?xml version="1.0" encoding="UTF-8"?>
<!-- Generated by org.testng.reporters.JUnitReportReporter -->
<testsuite skipped="0" hostname="Deepak-PC" name="org.Maven.com.MavenProject.OrangeHRM" tests="2" failures="0" timestamp="07 Jun 2018 15:35:00 GMT" time="1.242" errors="0">
  <testcase name="TakeScreenshot" time="0.857" classname="org.Maven.com.MavenProject.OrangeHRM"/>
  <testcase name="Login" time="0.385" classname="org.Maven.com.MavenProject.OrangeHRM"/>
</testsuite> <!-- org.Maven.com.MavenProject.OrangeHRM -->
