<?xml version="1.0" encoding="UTF-8"?>
<!-- Generated by org.testng.reporters.JUnitReportReporter -->
<testsuite skipped="0" hostname="Deepak-PC" name="TestNG.TestNG" tests="1" failures="0" timestamp="25 Mar 2018 04:04:13 GMT" time="0.008" errors="0">
  <testcase name="test" time="0.008" classname="TestNG.TestNG"/>
</testsuite> <!-- TestNG.TestNG -->
