<?xml version="1.0" encoding="UTF-8"?>
<!-- Generated by org.testng.reporters.JUnitReportReporter -->
<testsuite skipped="0" hostname="Deepak-PC" name="TestNG.Login" tests="1" failures="0" timestamp="25 Mar 2018 07:04:44 GMT" time="65.907" errors="0">
  <testcase name="f2" time="65.907" classname="TestNG.Login"/>
</testsuite> <!-- TestNG.Login -->
