<?xml version="1.0" encoding="UTF-8"?>
<!-- Generated by org.testng.reporters.JUnitReportReporter -->
<testsuite skipped="0" hostname="Deepak-PC" name="TestNG.SequnceTestNG" tests="2" failures="0" timestamp="25 Mar 2018 05:53:26 GMT" time="0.016" errors="0">
  <testcase name="f1" time="0.012" classname="TestNG.SequnceTestNG"/>
  <testcase name="f2" time="0.004" classname="TestNG.SequnceTestNG"/>
</testsuite> <!-- TestNG.SequnceTestNG -->
