<?xml version="1.0" encoding="UTF-8"?>
<!-- Generated by org.testng.reporters.JUnitReportReporter -->
<testsuite skipped="0" hostname="Deepak-PC" name="Class2Mar31.Class2TestNG" tests="1" failures="0" timestamp="31 Mar 2018 04:45:27 GMT" time="6.155" errors="0">
  <testcase name="f" time="6.155" classname="Class2Mar31.Class2TestNG"/>
</testsuite> <!-- Class2Mar31.Class2TestNG -->
