<?xml version="1.0" encoding="UTF-8"?>
<!-- Generated by org.testng.reporters.JUnitReportReporter -->
<testsuite skipped="0" hostname="Deepak-PC" name="Class2Mar31.Apr1" tests="3" failures="0" timestamp="01 Apr 2018 04:50:44 GMT" time="0.017" errors="0">
  <testcase name="x" time="0.017" classname="Class2Mar31.Apr1"/>
  <testcase name="z" time="0.000" classname="Class2Mar31.Apr1"/>
  <testcase name="y" time="0.000" classname="Class2Mar31.Apr1"/>
</testsuite> <!-- Class2Mar31.Apr1 -->
