<?xml version="1.0" encoding="UTF-8"?>
<!-- Generated by org.testng.reporters.JUnitReportReporter -->
<testsuite skipped="0" hostname="Deepak-PC" name="FindByPractice.POMmain" tests="1" failures="0" timestamp="23 Jun 2018 05:09:52 GMT" time="0.345" errors="0">
  <testcase name="testLogin" time="0.345" classname="FindByPractice.POMmain"/>
</testsuite> <!-- FindByPractice.POMmain -->
