<?xml version="1.0" encoding="UTF-8"?>
<!-- Generated by org.testng.reporters.JUnitReportReporter -->
<testsuite skipped="0" hostname="Deepak-PC" name="POMmain" tests="1" failures="0" timestamp="23 Jun 2018 04:47:25 GMT" time="0.354" errors="0">
  <testcase name="testLogin" time="0.354" classname="POMmain"/>
</testsuite> <!-- POMmain -->
