<?xml version="1.0" encoding="UTF-8"?>
<!-- Generated by org.testng.reporters.JUnitReportReporter -->
<testsuite skipped="0" hostname="Deepak-PC" name="com.Appium.MobileFacebook" tests="1" failures="0" timestamp="03 Jun 2018 05:18:06 GMT" time="1.474" errors="0">
  <testcase name="f" time="1.474" classname="com.Appium.MobileFacebook"/>
</testsuite> <!-- com.Appium.MobileFacebook -->
