<?xml version="1.0" encoding="UTF-8"?>
<!-- Generated by org.testng.reporters.JUnitReportReporter -->
<testsuite skipped="0" hostname="Deepak-PC" name="com.com.Deepak.AlertPractice" tests="4" failures="0" timestamp="07 Jun 2018 17:33:41 GMT" time="0.323" errors="0">
  <testcase name="title" time="0.022" classname="com.com.Deepak.AlertPractice"/>
  <testcase name="custInput" time="0.170" classname="com.com.Deepak.AlertPractice"/>
  <testcase name="clickbuttn" time="0.119" classname="com.com.Deepak.AlertPractice"/>
  <testcase name="alertPract" time="0.012" classname="com.com.Deepak.AlertPractice"/>
</testsuite> <!-- com.com.Deepak.AlertPractice -->
