<?xml version="1.0" encoding="UTF-8"?>
<!-- Generated by org.testng.reporters.JUnitReportReporter -->
<testsuite skipped="0" hostname="Deepak-PC" name="com.com.Deepak.WindowHandlePrac" tests="1" failures="0" timestamp="19 May 2018 09:10:50 GMT" time="37.304" errors="0">
  <testcase name="f" time="37.304" classname="com.com.Deepak.WindowHandlePrac"/>
</testsuite> <!-- com.com.Deepak.WindowHandlePrac -->
