<?xml version="1.0" encoding="UTF-8"?>
<!-- Generated by org.testng.reporters.JUnitReportReporter -->
<testsuite skipped="2" hostname="Deepak-PC" name="com.com.Deepak.DropDown" tests="3" failures="0" timestamp="14 Jun 2018 18:53:40 GMT" time="20.187" errors="0">
  <testcase name="visible" time="20.187" classname="com.com.Deepak.DropDown"/>
  <testcase name="value" classname="com.com.Deepak.DropDown">
    <skipped/>
  </testcase> <!-- value -->
  <testcase name="index" classname="com.com.Deepak.DropDown">
    <skipped/>
  </testcase> <!-- index -->
</testsuite> <!-- com.com.Deepak.DropDown -->
