<?xml version="1.0" encoding="UTF-8"?>
<!-- Generated by org.testng.reporters.JUnitReportReporter -->
<testsuite skipped="0" hostname="Deepak-PC" name="com.com.Deepak.WindowDeepak" tests="1" failures="0" timestamp="19 May 2018 09:26:41 GMT" time="2.242" errors="0">
  <testcase name="f" time="2.242" classname="com.com.Deepak.WindowDeepak"/>
</testsuite> <!-- com.com.Deepak.WindowDeepak -->
