<?xml version="1.0" encoding="UTF-8"?>
<!-- Generated by org.testng.reporters.JUnitReportReporter -->
<testsuite skipped="0" hostname="Deepak-PC" name="com.com.Deepak.FramePractice" tests="1" failures="0" timestamp="20 May 2018 14:10:34 GMT" time="21.506" errors="0">
  <testcase name="f" time="21.506" classname="com.com.Deepak.FramePractice"/>
</testsuite> <!-- com.com.Deepak.FramePractice -->
