<?xml version="1.0" encoding="UTF-8"?>
<!-- Generated by org.testng.reporters.JUnitReportReporter -->
<testsuite skipped="0" hostname="Deepak-PC" name="com.com.Deepak.SelePractice" tests="1" failures="0" timestamp="19 May 2018 03:52:56 GMT" time="21.170" errors="0">
  <testcase name="f" time="21.170" classname="com.com.Deepak.SelePractice"/>
</testsuite> <!-- com.com.Deepak.SelePractice -->
