<?xml version="1.0" encoding="UTF-8"?>
<!-- Generated by org.testng.reporters.JUnitReportReporter -->
<testsuite skipped="1" hostname="Deepak-PC" name="com.com.Deepak.ActionPractice" tests="3" failures="0" timestamp="20 May 2018 15:17:21 GMT" time="2.577" errors="0">
  <testcase name="mouseHover" time="2.485" classname="com.com.Deepak.ActionPractice"/>
  <testcase name="rightClick" time="0.092" classname="com.com.Deepak.ActionPractice"/>
  <testcase name="drag" classname="com.com.Deepak.ActionPractice">
    <skipped/>
  </testcase> <!-- drag -->
</testsuite> <!-- com.com.Deepak.ActionPractice -->
