<?xml version="1.0" encoding="UTF-8"?>
<!-- Generated by org.testng.reporters.JUnitReportReporter -->
<testsuite skipped="0" hostname="Deepak-PC" name="com.com.Deepak.AssertPractice" tests="1" failures="0" timestamp="26 May 2018 16:37:31 GMT" time="2.175" errors="0">
  <testcase name="f" time="2.175" classname="com.com.Deepak.AssertPractice"/>
</testsuite> <!-- com.com.Deepak.AssertPractice -->
