<?xml version="1.0" encoding="UTF-8"?>
<!-- Generated by org.testng.reporters.JUnitReportReporter -->
<testsuite skipped="0" hostname="Deepak-PC" name="org.Maven.com.MavenProject.NewTest" tests="2" failures="0" timestamp="01 Jun 2018 09:55:42 GMT" time="4.966" errors="0">
  <testcase name="f" time="2.622" classname="org.Maven.com.MavenProject.NewTest"/>
  <testcase name="f" time="2.344" classname="org.Maven.com.MavenProject.NewTest"/>
</testsuite> <!-- org.Maven.com.MavenProject.NewTest -->
